{"uid":"dfae6b6fdbfd406e","name":"test_01_sale_in_shop_product","fullName":"tests.test_1_sale_in_shop.test_1_sale_in_shop#test_01_sale_in_shop_product","historyId":"61c570a5c80e9195a1325ae1db2218fc","time":{"start":1747561681491,"stop":1747561717804,"duration":36313},"status":"broken","statusMessage":"selenium.common.exceptions.NoSuchElementException: Message: no such element: Unable to locate element: {\"method\":\"css selector\",\"selector\":\"[id=\"counteragentId_0\"]\"}\n  (Session info: chrome=136.0.7103.114); For documentation on this error, please visit: https://www.selenium.dev/documentation/webdriver/troubleshooting/errors#no-such-element-exception\nStacktrace:\n\tGetHandleVerifier [0x0128FC83+61635]\n\tGetHandleVerifier [0x0128FCC4+61700]\n\t(No symbol) [0x010B05D3]\n\t(No symbol) [0x010F899E]\n\t(No symbol) [0x010F8D3B]\n\t(No symbol) [0x01140E12]\n\t(No symbol) [0x0111D2E4]\n\t(No symbol) [0x0113E61B]\n\t(No symbol) [0x0111D096]\n\t(No symbol) [0x010EC840]\n\t(No symbol) [0x010ED6A4]\n\tGetHandleVerifier [0x015145A3+2701795]\n\tGetHandleVerifier [0x0150FD26+2683238]\n\tGetHandleVerifier [0x0152AA6E+2793134]\n\tGetHandleVerifier [0x012A6945+155013]\n\tGetHandleVerifier [0x012AD02D+181357]\n\tGetHandleVerifier [0x012974D8+92440]\n\tGetHandleVerifier [0x01297680+92864]\n\tGetHandleVerifier [0x01282070+5296]\n\tBaseThreadInitThunk [0x767B5D49+25]\n\tRtlInitializeExceptionChain [0x777BD03B+107]\n\tRtlGetAppContainerNamedObjectPath [0x777BCFC1+561]","statusTrace":"open_crm_as_admin = None, lead_page = <pages.lead_page.lead_page.LeadPage object at 0x00000211410EC950>\nshop_sale_page = <pages.shop_page.shop_sale_page.ShopSalePage object at 0x00000211410EEE90>\ncontract_create_page = <pages.lead_page.contract_сreate_page.ContractCreatePage object at 0x00000211410EC0D0>\n\n    @pytest.mark.smoke('smoke test')\n    def test_01_sale_in_shop_product(open_crm_as_admin, lead_page, shop_sale_page, contract_create_page):\n        logging.info('Старт проверки \"Продажа техники из магазина за наличку\"')\n        lead_page.change_office_1_maya()\n        lead_page.take_screenshot(\"change_office\")\n    \n        logging.info('Переход в магазин')\n        shop_sale_page.navigate_to_shop_page()\n        shop_sale_page.take_screenshot(\"navigated_to_shop\")\n    \n        logging.info('Открытие фильтра справа и сортировка для продажи товаров (не ЮИ)')\n        shop_sale_page.filter_for_sale_product_in_shop()\n        shop_sale_page.take_screenshot(\"filter_for_sale_product_in_shop\")\n    \n        logging.info('Продажа товара из магазина (не ЮИ)')\n>       shop_sale_page.sale_product_in_shop()\n\ntests\\test_1_sale_in_shop\\test_1_sale_in_shop.py:21: \n_ _ _ _ _ _ _ _ _ _ _ _ _ _ _ _ _ _ _ _ _ _ _ _ _ _ _ _ _ _ _ _ _ _ _ _ _ _ _ _ _ _ _ _ _ _ _ _ _ _ _ _ \npages\\shop_page\\shop_sale_page.py:103: in sale_product_in_shop\n    COUNTERAGENT_SELECT = self.driver.find_element(*counteragent_locator)  # Используем распаковку кортежа\n..\\PycharmProjects\\PycharmProjects\\tests_ui_karman\\venv\\Lib\\site-packages\\selenium\\webdriver\\remote\\webdriver.py:888: in find_element\n    return self.execute(Command.FIND_ELEMENT, {\"using\": by, \"value\": value})[\"value\"]\n..\\PycharmProjects\\PycharmProjects\\tests_ui_karman\\venv\\Lib\\site-packages\\selenium\\webdriver\\remote\\webdriver.py:429: in execute\n    self.error_handler.check_response(response)\n_ _ _ _ _ _ _ _ _ _ _ _ _ _ _ _ _ _ _ _ _ _ _ _ _ _ _ _ _ _ _ _ _ _ _ _ _ _ _ _ _ _ _ _ _ _ _ _ _ _ _ _ \n\nself = <selenium.webdriver.remote.errorhandler.ErrorHandler object at 0x00000211410FBE50>\nresponse = {'status': 404, 'value': '{\"value\":{\"error\":\"no such element\",\"message\":\"no such element: Unable to locate element: {\\...9+25]\\\\n\\\\tRtlInitializeExceptionChain [0x777BD03B+107]\\\\n\\\\tRtlGetAppContainerNamedObjectPath [0x777BCFC1+561]\\\\n\"}}'}\n\n    def check_response(self, response: Dict[str, Any]) -> None:\n        \"\"\"Checks that a JSON response from the WebDriver does not have an\n        error.\n    \n        :Args:\n         - response - The JSON response from the WebDriver server as a dictionary\n           object.\n    \n        :Raises: If the response contains an error message.\n        \"\"\"\n        status = response.get(\"status\", None)\n        if not status or status == ErrorCode.SUCCESS:\n            return\n        value = None\n        message = response.get(\"message\", \"\")\n        screen: str = response.get(\"screen\", \"\")\n        stacktrace = None\n        if isinstance(status, int):\n            value_json = response.get(\"value\", None)\n            if value_json and isinstance(value_json, str):\n                import json\n    \n                try:\n                    value = json.loads(value_json)\n                    if len(value) == 1:\n                        value = value[\"value\"]\n                    status = value.get(\"error\", None)\n                    if not status:\n                        status = value.get(\"status\", ErrorCode.UNKNOWN_ERROR)\n                        message = value.get(\"value\") or value.get(\"message\")\n                        if not isinstance(message, str):\n                            value = message\n                            message = message.get(\"message\")\n                    else:\n                        message = value.get(\"message\", None)\n                except ValueError:\n                    pass\n    \n        exception_class: Type[WebDriverException]\n        e = ErrorCode()\n        error_codes = [item for item in dir(e) if not item.startswith(\"__\")]\n        for error_code in error_codes:\n            error_info = getattr(ErrorCode, error_code)\n            if isinstance(error_info, list) and status in error_info:\n                exception_class = getattr(ExceptionMapping, error_code, WebDriverException)\n                break\n        else:\n            exception_class = WebDriverException\n    \n        if not value:\n            value = response[\"value\"]\n        if isinstance(value, str):\n            raise exception_class(value)\n        if message == \"\" and \"message\" in value:\n            message = value[\"message\"]\n    \n        screen = None  # type: ignore[assignment]\n        if \"screen\" in value:\n            screen = value[\"screen\"]\n    \n        stacktrace = None\n        st_value = value.get(\"stackTrace\") or value.get(\"stacktrace\")\n        if st_value:\n            if isinstance(st_value, str):\n                stacktrace = st_value.split(\"\\n\")\n            else:\n                stacktrace = []\n                try:\n                    for frame in st_value:\n                        line = frame.get(\"lineNumber\", \"\")\n                        file = frame.get(\"fileName\", \"<anonymous>\")\n                        if line:\n                            file = f\"{file}:{line}\"\n                        meth = frame.get(\"methodName\", \"<anonymous>\")\n                        if \"className\" in frame:\n                            meth = f\"{frame['className']}.{meth}\"\n                        msg = \"    at %s (%s)\"\n                        msg = msg % (meth, file)\n                        stacktrace.append(msg)\n                except TypeError:\n                    pass\n        if exception_class == UnexpectedAlertPresentException:\n            alert_text = None\n            if \"data\" in value:\n                alert_text = value[\"data\"].get(\"text\")\n            elif \"alert\" in value:\n                alert_text = value[\"alert\"].get(\"text\")\n            raise exception_class(message, screen, stacktrace, alert_text)  # type: ignore[call-arg]  # mypy is not smart enough here\n>       raise exception_class(message, screen, stacktrace)\nE       selenium.common.exceptions.NoSuchElementException: Message: no such element: Unable to locate element: {\"method\":\"css selector\",\"selector\":\"[id=\"counteragentId_0\"]\"}\nE         (Session info: chrome=136.0.7103.114); For documentation on this error, please visit: https://www.selenium.dev/documentation/webdriver/troubleshooting/errors#no-such-element-exception\nE       Stacktrace:\nE       \tGetHandleVerifier [0x0128FC83+61635]\nE       \tGetHandleVerifier [0x0128FCC4+61700]\nE       \t(No symbol) [0x010B05D3]\nE       \t(No symbol) [0x010F899E]\nE       \t(No symbol) [0x010F8D3B]\nE       \t(No symbol) [0x01140E12]\nE       \t(No symbol) [0x0111D2E4]\nE       \t(No symbol) [0x0113E61B]\nE       \t(No symbol) [0x0111D096]\nE       \t(No symbol) [0x010EC840]\nE       \t(No symbol) [0x010ED6A4]\nE       \tGetHandleVerifier [0x015145A3+2701795]\nE       \tGetHandleVerifier [0x0150FD26+2683238]\nE       \tGetHandleVerifier [0x0152AA6E+2793134]\nE       \tGetHandleVerifier [0x012A6945+155013]\nE       \tGetHandleVerifier [0x012AD02D+181357]\nE       \tGetHandleVerifier [0x012974D8+92440]\nE       \tGetHandleVerifier [0x01297680+92864]\nE       \tGetHandleVerifier [0x01282070+5296]\nE       \tBaseThreadInitThunk [0x767B5D49+25]\nE       \tRtlInitializeExceptionChain [0x777BD03B+107]\nE       \tRtlGetAppContainerNamedObjectPath [0x777BCFC1+561]\n\n..\\PycharmProjects\\PycharmProjects\\tests_ui_karman\\venv\\Lib\\site-packages\\selenium\\webdriver\\remote\\errorhandler.py:232: NoSuchElementException","flaky":false,"newFailed":false,"newBroken":false,"newPassed":false,"retriesCount":0,"retriesStatusChange":false,"beforeStages":[{"name":"driver","time":{"start":1747561664237,"stop":1747561669008,"duration":4771},"status":"passed","steps":[],"attachments":[],"parameters":[],"stepsCount":0,"attachmentStep":false,"hasContent":false,"shouldDisplayMessage":false,"attachmentsCount":0},{"name":"_session_faker","time":{"start":1747561664237,"stop":1747561664237,"duration":0},"status":"passed","steps":[],"attachments":[],"parameters":[],"stepsCount":0,"attachmentStep":false,"hasContent":false,"shouldDisplayMessage":false,"attachmentsCount":0},{"name":"play_sound_after_tests","time":{"start":1747561664237,"stop":1747561664237,"duration":0},"status":"passed","steps":[],"attachments":[],"parameters":[],"stepsCount":0,"attachmentStep":false,"hasContent":false,"shouldDisplayMessage":false,"attachmentsCount":0},{"name":"login_page","time":{"start":1747561669008,"stop":1747561669093,"duration":85},"status":"passed","steps":[],"attachments":[],"parameters":[],"stepsCount":0,"attachmentStep":false,"hasContent":false,"shouldDisplayMessage":false,"attachmentsCount":0},{"name":"open_crm_as_admin","time":{"start":1747561669093,"stop":1747561681416,"duration":12323},"status":"passed","steps":[{"name":"enter correct login and password","time":{"start":1747561674083,"stop":1747561680715,"duration":6632},"status":"passed","steps":[],"attachments":[],"parameters":[],"stepsCount":0,"attachmentStep":false,"hasContent":false,"shouldDisplayMessage":false,"attachmentsCount":0},{"name":"Check correct url","time":{"start":1747561680715,"stop":1747561680835,"duration":120},"status":"passed","steps":[],"attachments":[],"parameters":[],"stepsCount":0,"attachmentStep":false,"hasContent":false,"shouldDisplayMessage":false,"attachmentsCount":0}],"attachments":[{"uid":"32aac3ef38aca95d","name":"screenshot","source":"32aac3ef38aca95d.png","type":"image/png","size":198304}],"parameters":[],"stepsCount":2,"attachmentStep":false,"hasContent":true,"shouldDisplayMessage":false,"attachmentsCount":1},{"name":"lead_page","time":{"start":1747561681416,"stop":1747561681424,"duration":8},"status":"passed","steps":[],"attachments":[],"parameters":[],"stepsCount":0,"attachmentStep":false,"hasContent":false,"shouldDisplayMessage":false,"attachmentsCount":0},{"name":"shop_sale_page","time":{"start":1747561681424,"stop":1747561681471,"duration":47},"status":"passed","steps":[],"attachments":[],"parameters":[],"stepsCount":0,"attachmentStep":false,"hasContent":false,"shouldDisplayMessage":false,"attachmentsCount":0},{"name":"contract_create_page","time":{"start":1747561681471,"stop":1747561681489,"duration":18},"status":"passed","steps":[],"attachments":[],"parameters":[],"stepsCount":0,"attachmentStep":false,"hasContent":false,"shouldDisplayMessage":false,"attachmentsCount":0}],"testStage":{"status":"broken","statusMessage":"selenium.common.exceptions.NoSuchElementException: Message: no such element: Unable to locate element: {\"method\":\"css selector\",\"selector\":\"[id=\"counteragentId_0\"]\"}\n  (Session info: chrome=136.0.7103.114); For documentation on this error, please visit: https://www.selenium.dev/documentation/webdriver/troubleshooting/errors#no-such-element-exception\nStacktrace:\n\tGetHandleVerifier [0x0128FC83+61635]\n\tGetHandleVerifier [0x0128FCC4+61700]\n\t(No symbol) [0x010B05D3]\n\t(No symbol) [0x010F899E]\n\t(No symbol) [0x010F8D3B]\n\t(No symbol) [0x01140E12]\n\t(No symbol) [0x0111D2E4]\n\t(No symbol) [0x0113E61B]\n\t(No symbol) [0x0111D096]\n\t(No symbol) [0x010EC840]\n\t(No symbol) [0x010ED6A4]\n\tGetHandleVerifier [0x015145A3+2701795]\n\tGetHandleVerifier [0x0150FD26+2683238]\n\tGetHandleVerifier [0x0152AA6E+2793134]\n\tGetHandleVerifier [0x012A6945+155013]\n\tGetHandleVerifier [0x012AD02D+181357]\n\tGetHandleVerifier [0x012974D8+92440]\n\tGetHandleVerifier [0x01297680+92864]\n\tGetHandleVerifier [0x01282070+5296]\n\tBaseThreadInitThunk [0x767B5D49+25]\n\tRtlInitializeExceptionChain [0x777BD03B+107]\n\tRtlGetAppContainerNamedObjectPath [0x777BCFC1+561]","statusTrace":"open_crm_as_admin = None, lead_page = <pages.lead_page.lead_page.LeadPage object at 0x00000211410EC950>\nshop_sale_page = <pages.shop_page.shop_sale_page.ShopSalePage object at 0x00000211410EEE90>\ncontract_create_page = <pages.lead_page.contract_сreate_page.ContractCreatePage object at 0x00000211410EC0D0>\n\n    @pytest.mark.smoke('smoke test')\n    def test_01_sale_in_shop_product(open_crm_as_admin, lead_page, shop_sale_page, contract_create_page):\n        logging.info('Старт проверки \"Продажа техники из магазина за наличку\"')\n        lead_page.change_office_1_maya()\n        lead_page.take_screenshot(\"change_office\")\n    \n        logging.info('Переход в магазин')\n        shop_sale_page.navigate_to_shop_page()\n        shop_sale_page.take_screenshot(\"navigated_to_shop\")\n    \n        logging.info('Открытие фильтра справа и сортировка для продажи товаров (не ЮИ)')\n        shop_sale_page.filter_for_sale_product_in_shop()\n        shop_sale_page.take_screenshot(\"filter_for_sale_product_in_shop\")\n    \n        logging.info('Продажа товара из магазина (не ЮИ)')\n>       shop_sale_page.sale_product_in_shop()\n\ntests\\test_1_sale_in_shop\\test_1_sale_in_shop.py:21: \n_ _ _ _ _ _ _ _ _ _ _ _ _ _ _ _ _ _ _ _ _ _ _ _ _ _ _ _ _ _ _ _ _ _ _ _ _ _ _ _ _ _ _ _ _ _ _ _ _ _ _ _ \npages\\shop_page\\shop_sale_page.py:103: in sale_product_in_shop\n    COUNTERAGENT_SELECT = self.driver.find_element(*counteragent_locator)  # Используем распаковку кортежа\n..\\PycharmProjects\\PycharmProjects\\tests_ui_karman\\venv\\Lib\\site-packages\\selenium\\webdriver\\remote\\webdriver.py:888: in find_element\n    return self.execute(Command.FIND_ELEMENT, {\"using\": by, \"value\": value})[\"value\"]\n..\\PycharmProjects\\PycharmProjects\\tests_ui_karman\\venv\\Lib\\site-packages\\selenium\\webdriver\\remote\\webdriver.py:429: in execute\n    self.error_handler.check_response(response)\n_ _ _ _ _ _ _ _ _ _ _ _ _ _ _ _ _ _ _ _ _ _ _ _ _ _ _ _ _ _ _ _ _ _ _ _ _ _ _ _ _ _ _ _ _ _ _ _ _ _ _ _ \n\nself = <selenium.webdriver.remote.errorhandler.ErrorHandler object at 0x00000211410FBE50>\nresponse = {'status': 404, 'value': '{\"value\":{\"error\":\"no such element\",\"message\":\"no such element: Unable to locate element: {\\...9+25]\\\\n\\\\tRtlInitializeExceptionChain [0x777BD03B+107]\\\\n\\\\tRtlGetAppContainerNamedObjectPath [0x777BCFC1+561]\\\\n\"}}'}\n\n    def check_response(self, response: Dict[str, Any]) -> None:\n        \"\"\"Checks that a JSON response from the WebDriver does not have an\n        error.\n    \n        :Args:\n         - response - The JSON response from the WebDriver server as a dictionary\n           object.\n    \n        :Raises: If the response contains an error message.\n        \"\"\"\n        status = response.get(\"status\", None)\n        if not status or status == ErrorCode.SUCCESS:\n            return\n        value = None\n        message = response.get(\"message\", \"\")\n        screen: str = response.get(\"screen\", \"\")\n        stacktrace = None\n        if isinstance(status, int):\n            value_json = response.get(\"value\", None)\n            if value_json and isinstance(value_json, str):\n                import json\n    \n                try:\n                    value = json.loads(value_json)\n                    if len(value) == 1:\n                        value = value[\"value\"]\n                    status = value.get(\"error\", None)\n                    if not status:\n                        status = value.get(\"status\", ErrorCode.UNKNOWN_ERROR)\n                        message = value.get(\"value\") or value.get(\"message\")\n                        if not isinstance(message, str):\n                            value = message\n                            message = message.get(\"message\")\n                    else:\n                        message = value.get(\"message\", None)\n                except ValueError:\n                    pass\n    \n        exception_class: Type[WebDriverException]\n        e = ErrorCode()\n        error_codes = [item for item in dir(e) if not item.startswith(\"__\")]\n        for error_code in error_codes:\n            error_info = getattr(ErrorCode, error_code)\n            if isinstance(error_info, list) and status in error_info:\n                exception_class = getattr(ExceptionMapping, error_code, WebDriverException)\n                break\n        else:\n            exception_class = WebDriverException\n    \n        if not value:\n            value = response[\"value\"]\n        if isinstance(value, str):\n            raise exception_class(value)\n        if message == \"\" and \"message\" in value:\n            message = value[\"message\"]\n    \n        screen = None  # type: ignore[assignment]\n        if \"screen\" in value:\n            screen = value[\"screen\"]\n    \n        stacktrace = None\n        st_value = value.get(\"stackTrace\") or value.get(\"stacktrace\")\n        if st_value:\n            if isinstance(st_value, str):\n                stacktrace = st_value.split(\"\\n\")\n            else:\n                stacktrace = []\n                try:\n                    for frame in st_value:\n                        line = frame.get(\"lineNumber\", \"\")\n                        file = frame.get(\"fileName\", \"<anonymous>\")\n                        if line:\n                            file = f\"{file}:{line}\"\n                        meth = frame.get(\"methodName\", \"<anonymous>\")\n                        if \"className\" in frame:\n                            meth = f\"{frame['className']}.{meth}\"\n                        msg = \"    at %s (%s)\"\n                        msg = msg % (meth, file)\n                        stacktrace.append(msg)\n                except TypeError:\n                    pass\n        if exception_class == UnexpectedAlertPresentException:\n            alert_text = None\n            if \"data\" in value:\n                alert_text = value[\"data\"].get(\"text\")\n            elif \"alert\" in value:\n                alert_text = value[\"alert\"].get(\"text\")\n            raise exception_class(message, screen, stacktrace, alert_text)  # type: ignore[call-arg]  # mypy is not smart enough here\n>       raise exception_class(message, screen, stacktrace)\nE       selenium.common.exceptions.NoSuchElementException: Message: no such element: Unable to locate element: {\"method\":\"css selector\",\"selector\":\"[id=\"counteragentId_0\"]\"}\nE         (Session info: chrome=136.0.7103.114); For documentation on this error, please visit: https://www.selenium.dev/documentation/webdriver/troubleshooting/errors#no-such-element-exception\nE       Stacktrace:\nE       \tGetHandleVerifier [0x0128FC83+61635]\nE       \tGetHandleVerifier [0x0128FCC4+61700]\nE       \t(No symbol) [0x010B05D3]\nE       \t(No symbol) [0x010F899E]\nE       \t(No symbol) [0x010F8D3B]\nE       \t(No symbol) [0x01140E12]\nE       \t(No symbol) [0x0111D2E4]\nE       \t(No symbol) [0x0113E61B]\nE       \t(No symbol) [0x0111D096]\nE       \t(No symbol) [0x010EC840]\nE       \t(No symbol) [0x010ED6A4]\nE       \tGetHandleVerifier [0x015145A3+2701795]\nE       \tGetHandleVerifier [0x0150FD26+2683238]\nE       \tGetHandleVerifier [0x0152AA6E+2793134]\nE       \tGetHandleVerifier [0x012A6945+155013]\nE       \tGetHandleVerifier [0x012AD02D+181357]\nE       \tGetHandleVerifier [0x012974D8+92440]\nE       \tGetHandleVerifier [0x01297680+92864]\nE       \tGetHandleVerifier [0x01282070+5296]\nE       \tBaseThreadInitThunk [0x767B5D49+25]\nE       \tRtlInitializeExceptionChain [0x777BD03B+107]\nE       \tRtlGetAppContainerNamedObjectPath [0x777BCFC1+561]\n\n..\\PycharmProjects\\PycharmProjects\\tests_ui_karman\\venv\\Lib\\site-packages\\selenium\\webdriver\\remote\\errorhandler.py:232: NoSuchElementException","steps":[],"attachments":[{"uid":"e25669c643878e7a","name":"change_office","source":"e25669c643878e7a.png","type":"image/png","size":227173},{"uid":"9849f5987338049","name":"navigated_to_shop","source":"9849f5987338049.png","type":"image/png","size":225269},{"uid":"467d4a14d14518e2","name":"filter_for_sale_product_in_shop","source":"467d4a14d14518e2.png","type":"image/png","size":167599},{"uid":"94c465d705aea6c1","name":"log","source":"94c465d705aea6c1.txt","type":"text/plain","size":902}],"parameters":[],"stepsCount":0,"attachmentStep":false,"hasContent":true,"shouldDisplayMessage":true,"attachmentsCount":4},"afterStages":[{"name":"driver::0","time":{"start":1747561718319,"stop":1747561723297,"duration":4978},"status":"passed","steps":[],"attachments":[],"parameters":[],"stepsCount":0,"attachmentStep":false,"hasContent":false,"shouldDisplayMessage":false,"attachmentsCount":0},{"name":"play_sound_after_tests::0","time":{"start":1747563777477,"stop":1747563779868,"duration":2391},"status":"passed","steps":[],"attachments":[],"parameters":[],"stepsCount":0,"attachmentStep":false,"hasContent":false,"shouldDisplayMessage":false,"attachmentsCount":0}],"labels":[{"name":"tag","value":"smoke('smoke test')"},{"name":"parentSuite","value":"tests.test_1_sale_in_shop"},{"name":"suite","value":"test_1_sale_in_shop"},{"name":"host","value":"LAPTOP-R624DMFA"},{"name":"thread","value":"19132-MainThread"},{"name":"framework","value":"pytest"},{"name":"language","value":"cpython3"},{"name":"package","value":"tests.test_1_sale_in_shop.test_1_sale_in_shop"},{"name":"resultFormat","value":"allure2"}],"parameters":[],"links":[],"hidden":true,"retry":true,"extra":{"categories":[],"tags":["smoke('smoke test')"]},"source":"dfae6b6fdbfd406e.json","parameterValues":[]}